<?xml version="1.0" encoding="UTF-8"?>
<!-- Generated by org.testng.reporters.JUnitReportReporter -->
<testsuite hostname="DESKTOP-CHK08MF" failures="0" tests="1" name="com.Actitime.Testscripts.CreateCustomer" time="15.715" errors="0" timestamp="2023-10-07T16:17:46 IST" skipped="0">
  <testcase classname="com.Actitime.Testscripts.CreateCustomer" name="create" time="15.715"/>
  <system-out>
    <![CDATA[Database Connected
Browser Launched
Logged in Successfully
Logout successfully
Browser Closed
Database Disconnected]]>
  </system-out>
</testsuite> <!-- com.Actitime.Testscripts.CreateCustomer -->
